0 info it worked if it ends with ok
1 verbose cli [ 'C:\\Program Files\\nodejs\\node.exe',
1 verbose cli   'C:\\Program Files\\nodejs\\node_modules\\npm\\bin\\npm-cli.js',
1 verbose cli   'install',
1 verbose cli   'eonasdan-bootstrap-datetimepicker#latest',
1 verbose cli   '--save' ]
2 info using npm@2.15.9
3 info using node@v4.5.0
4 warn invalid config registry=""
5 warn invalid config Must be a full url with 'http://'
6 verbose install initial load of C:\Users\ivanb\WebstormProjects\calendar\package.json
7 warn package.json untitled1@1.0.0 No repository field.
8 warn package.json untitled1@1.0.0 No README data
9 verbose installManyTop reading scoped package data from C:\Users\ivanb\WebstormProjects\calendar\node_modules\fullcalendar\package.json
10 verbose readDependencies loading dependencies from C:\Users\ivanb\WebstormProjects\calendar\package.json
11 silly cache add args [ 'eonasdan-bootstrap-datetimepicker#latest', null ]
12 verbose cache add spec eonasdan-bootstrap-datetimepicker#latest
13 silly cache add parsed spec Result {
13 silly cache add   raw: 'eonasdan-bootstrap-datetimepicker#latest',
13 silly cache add   scope: null,
13 silly cache add   name: null,
13 silly cache add   rawSpec: 'eonasdan-bootstrap-datetimepicker#latest',
13 silly cache add   spec: 'C:\\Users\\ivanb\\WebstormProjects\\calendar\\eonasdan-bootstrap-datetimepicker#latest',
13 silly cache add   type: 'local' }
14 error addLocal Could not install C:\Users\ivanb\WebstormProjects\calendar\eonasdan-bootstrap-datetimepicker#latest
15 verbose stack Error: ENOENT: no such file or directory, open 'C:\Users\ivanb\WebstormProjects\calendar\eonasdan-bootstrap-datetimepicker#latest'
15 verbose stack     at Error (native)
16 verbose cwd C:\Users\ivanb\WebstormProjects\calendar
17 error Windows_NT 10.0.14393
18 error argv "C:\\Program Files\\nodejs\\node.exe" "C:\\Program Files\\nodejs\\node_modules\\npm\\bin\\npm-cli.js" "install" "eonasdan-bootstrap-datetimepicker#latest" "--save"
19 error node v4.5.0
20 error npm  v2.15.9
21 error path C:\Users\ivanb\WebstormProjects\calendar\eonasdan-bootstrap-datetimepicker#latest
22 error code ENOENT
23 error errno -4058
24 error syscall open
25 error enoent ENOENT: no such file or directory, open 'C:\Users\ivanb\WebstormProjects\calendar\eonasdan-bootstrap-datetimepicker#latest'
25 error enoent This is most likely not a problem with npm itself
25 error enoent and is related to npm not being able to find a file.
26 verbose exit [ -4058, true ]
